<?xml version="1.0" encoding="UTF-8"?>
<!-- Generated by org.testng.reporters.JUnitXMLReporter -->
<testsuite ignored="0" hostname="DESKTOP-6A060UP" failures="0" tests="4" name="Test" time="0.344" errors="0" timestamp="2024-09-03T15:52:37 EDT">
  <testcase classname="CreateContactTest.CreateContactTest" name="CreateConTest" time="0.061"/>
  <testcase classname="CreateContactTest.CreateContactTest" name="CreateConWithPhTest" time="0.006"/>
  <testcase classname="CreateOrgTest.CreaateOrgTest" name="CreateOrTest" time="0.009"/>
  <testcase classname="CreateOrgTest.CreaateOrgTest" name="CreateOrgWithDateTest" time="0.01"/>
</testsuite> <!-- Test -->
