<?xml version="1.0" encoding="UTF-8"?>
<testng-results ignored="0" total="2" passed="2" failed="0" skipped="0">
  <reporter-output>
  </reporter-output>
  <suite started-at="2024-09-03T16:25:56 EDT" name="Default suite" finished-at="2024-09-03T16:25:57 EDT" duration-ms="264">
    <groups>
    </groups>
    <test started-at="2024-09-03T16:25:56 EDT" name="Default test" finished-at="2024-09-03T16:25:57 EDT" duration-ms="264">
      <class name="CreateOrgTest.CreaateOrgTest">
        <test-method signature="CreateOrTest()[pri:0, instance:CreateOrgTest.CreaateOrgTest@7b9a4292]" started-at="2024-09-03T16:25:56 EDT" name="CreateOrTest" finished-at="2024-09-03T16:25:56 EDT" duration-ms="43" status="PASS">
          <reporter-output>
          </reporter-output>
        </test-method> <!-- CreateOrTest -->
        <test-method signature="CreateOrgWithDateTest()[pri:0, instance:CreateOrgTest.CreaateOrgTest@7b9a4292]" started-at="2024-09-03T16:25:57 EDT" name="CreateOrgWithDateTest" finished-at="2024-09-03T16:25:57 EDT" duration-ms="15" status="PASS">
          <reporter-output>
          </reporter-output>
        </test-method> <!-- CreateOrgWithDateTest -->
      </class> <!-- CreateOrgTest.CreaateOrgTest -->
    </test> <!-- Default test -->
  </suite> <!-- Default suite -->
</testng-results>
